<?xml version="1.0" encoding="UTF-8"?>
<!-- Generated by org.testng.reporters.JUnitReportReporter -->
<testsuite skipped="0" hostname="CDC2-D-CGSPXJ2" name="Demo.Test_8" tests="1" failures="0" timestamp="2019-09-19T11:15:47 IST" time="0.733" errors="0">
  <testcase name="f" time="0.733" classname="Demo.Test_8"/>
</testsuite> <!-- Demo.Test_8 -->
