<?xml version="1.0" encoding="UTF-8"?>
<!-- Generated by org.testng.reporters.JUnitReportReporter -->
<testsuite skipped="0" hostname="CDC2-D-CGSPXJ2" name="Demo.Test_6" tests="1" failures="0" timestamp="2019-09-18T10:32:19 IST" time="19.997" errors="0">
  <testcase name="f" time="19.997" classname="Demo.Test_6"/>
</testsuite> <!-- Demo.Test_6 -->
