<?xml version="1.0" encoding="UTF-8"?>
<!-- Generated by org.testng.reporters.JUnitReportReporter -->
<testsuite skipped="0" hostname="CDC2-D-CGSPXJ2" name="Demo.Test_2" tests="1" failures="0" timestamp="2019-09-16T12:33:05 IST" time="23.781" errors="0">
  <testcase name="f" time="23.781" classname="Demo.Test_2"/>
</testsuite> <!-- Demo.Test_2 -->
