<?xml version="1.0" encoding="UTF-8"?>
<!-- Generated by org.testng.reporters.JUnitReportReporter -->
<testsuite skipped="0" hostname="CDC2-D-CGSPXJ2" name="Demo.Test_5" tests="1" failures="0" timestamp="2019-09-17T12:43:42 IST" time="12.805" errors="0">
  <testcase name="f" time="12.805" classname="Demo.Test_5"/>
</testsuite> <!-- Demo.Test_5 -->
